Start bamTobw.sh at Fri Mar 24 11:16:00 GMT 2017
Parameters you input:
bam list file: bamList.txt
convert to HPB: Yes
stranded: No
Deal with /bi/group/sysgen/Hashem/Data_for_FTP/ISP_FTP_2017/Bams/CTCF_FrD_Old_Rep1_chr_Sorted.bam at Fri Mar 24 11:16:00 GMT 2017
Index /bi/group/sysgen/Hashem/Data_for_FTP/ISP_FTP_2017/Bams/CTCF_FrD_Old_Rep1_chr_Sorted.bam
Convert bam to bedgraph
Convert /bi/group/sysgen/Hashem/Data_for_FTP/ISP_FTP_2017/Bams/CTCF_FrD_Old_Rep1_chr_Sorted.bam to /bi/group/sysgen/Hashem/Data_for_FTP/ISP_FTP_2017/Bams/CTCF_FrD_Old_Rep1_chr_Sorted.bedgraph
read counts: 155831589
read length: 51
scale ratio: 0.12582713
Convert bedgraph to bw
Convert /bi/group/sysgen/Hashem/Data_for_FTP/ISP_FTP_2017/Bams/CTCF_FrD_Old_Rep1_chr_Sorted.bedgraph to /bi/group/sysgen/Hashem/Data_for_FTP/ISP_FTP_2017/Bams/CTCF_FrD_Old_Rep1_chr_Sorted.bw
bedGraphToBigWig /bi/group/sysgen/Hashem/Data_for_FTP/ISP_FTP_2017/Bams/CTCF_FrD_Old_Rep1_chr_Sorted.bedgraph chrom_sizes.tmp /bi/group/sysgen/Hashem/Data_for_FTP/ISP_FTP_2017/Bams/CTCF_FrD_Old_Rep1_chr_Sorted.bw
Deal with /bi/group/sysgen/Hashem/Data_for_FTP/ISP_FTP_2017/Bams/CTCF_FrD_Young_Rep1_chr_Sorted.bam at Fri Mar 24 12:07:52 GMT 2017
Index /bi/group/sysgen/Hashem/Data_for_FTP/ISP_FTP_2017/Bams/CTCF_FrD_Young_Rep1_chr_Sorted.bam
Convert bam to bedgraph
Convert /bi/group/sysgen/Hashem/Data_for_FTP/ISP_FTP_2017/Bams/CTCF_FrD_Young_Rep1_chr_Sorted.bam to /bi/group/sysgen/Hashem/Data_for_FTP/ISP_FTP_2017/Bams/CTCF_FrD_Young_Rep1_chr_Sorted.bedgraph
read counts: 102725836
read length: 51
scale ratio: 0.19087547
Convert bedgraph to bw
Convert /bi/group/sysgen/Hashem/Data_for_FTP/ISP_FTP_2017/Bams/CTCF_FrD_Young_Rep1_chr_Sorted.bedgraph to /bi/group/sysgen/Hashem/Data_for_FTP/ISP_FTP_2017/Bams/CTCF_FrD_Young_Rep1_chr_Sorted.bw
bedGraphToBigWig /bi/group/sysgen/Hashem/Data_for_FTP/ISP_FTP_2017/Bams/CTCF_FrD_Young_Rep1_chr_Sorted.bedgraph chrom_sizes.tmp /bi/group/sysgen/Hashem/Data_for_FTP/ISP_FTP_2017/Bams/CTCF_FrD_Young_Rep1_chr_Sorted.bw
Deal with /bi/group/sysgen/Hashem/Data_for_FTP/ISP_FTP_2017/Bams/lane2_Aged_D1_TTAGGC_L002_R1_val_1_GRCm38_hisat2_chr_Sorted.bam at Fri Mar 24 12:36:39 GMT 2017
Index /bi/group/sysgen/Hashem/Data_for_FTP/ISP_FTP_2017/Bams/lane2_Aged_D1_TTAGGC_L002_R1_val_1_GRCm38_hisat2_chr_Sorted.bam
Convert bam to bedgraph
Convert /bi/group/sysgen/Hashem/Data_for_FTP/ISP_FTP_2017/Bams/lane2_Aged_D1_TTAGGC_L002_R1_val_1_GRCm38_hisat2_chr_Sorted.bam to /bi/group/sysgen/Hashem/Data_for_FTP/ISP_FTP_2017/Bams/lane2_Aged_D1_TTAGGC_L002_R1_val_1_GRCm38_hisat2_chr_Sorted.bedgraph
read counts: 83755202
read length: 51
scale ratio: 0.23410895
Convert bedgraph to bw
Convert /bi/group/sysgen/Hashem/Data_for_FTP/ISP_FTP_2017/Bams/lane2_Aged_D1_TTAGGC_L002_R1_val_1_GRCm38_hisat2_chr_Sorted.bedgraph to /bi/group/sysgen/Hashem/Data_for_FTP/ISP_FTP_2017/Bams/lane2_Aged_D1_TTAGGC_L002_R1_val_1_GRCm38_hisat2_chr_Sorted.bw
bedGraphToBigWig /bi/group/sysgen/Hashem/Data_for_FTP/ISP_FTP_2017/Bams/lane2_Aged_D1_TTAGGC_L002_R1_val_1_GRCm38_hisat2_chr_Sorted.bedgraph chrom_sizes.tmp /bi/group/sysgen/Hashem/Data_for_FTP/ISP_FTP_2017/Bams/lane2_Aged_D1_TTAGGC_L002_R1_val_1_GRCm38_hisat2_chr_Sorted.bw
Deal with /bi/group/sysgen/Hashem/Data_for_FTP/ISP_FTP_2017/Bams/lane2_Young_D1_GCCAAT_L002_R1_val_1_GRCm38_hisat2_chr_Sorted.bam at Fri Mar 24 12:48:34 GMT 2017
Index /bi/group/sysgen/Hashem/Data_for_FTP/ISP_FTP_2017/Bams/lane2_Young_D1_GCCAAT_L002_R1_val_1_GRCm38_hisat2_chr_Sorted.bam
Convert bam to bedgraph
Convert /bi/group/sysgen/Hashem/Data_for_FTP/ISP_FTP_2017/Bams/lane2_Young_D1_GCCAAT_L002_R1_val_1_GRCm38_hisat2_chr_Sorted.bam to /bi/group/sysgen/Hashem/Data_for_FTP/ISP_FTP_2017/Bams/lane2_Young_D1_GCCAAT_L002_R1_val_1_GRCm38_hisat2_chr_Sorted.bedgraph
read counts: 75034144
read length: 49
scale ratio: 0.27198502
Convert bedgraph to bw
Convert /bi/group/sysgen/Hashem/Data_for_FTP/ISP_FTP_2017/Bams/lane2_Young_D1_GCCAAT_L002_R1_val_1_GRCm38_hisat2_chr_Sorted.bedgraph to /bi/group/sysgen/Hashem/Data_for_FTP/ISP_FTP_2017/Bams/lane2_Young_D1_GCCAAT_L002_R1_val_1_GRCm38_hisat2_chr_Sorted.bw
bedGraphToBigWig /bi/group/sysgen/Hashem/Data_for_FTP/ISP_FTP_2017/Bams/lane2_Young_D1_GCCAAT_L002_R1_val_1_GRCm38_hisat2_chr_Sorted.bedgraph chrom_sizes.tmp /bi/group/sysgen/Hashem/Data_for_FTP/ISP_FTP_2017/Bams/lane2_Young_D1_GCCAAT_L002_R1_val_1_GRCm38_hisat2_chr_Sorted.bw
Deal with /bi/group/sysgen/Hashem/Data_for_FTP/ISP_FTP_2017/Bams/lane4910_ACTTGA_D_old1_L006_R1_val_1_GRCm38_bowtie2_chr_Sorted.bam at Fri Mar 24 13:00:29 GMT 2017
Index /bi/group/sysgen/Hashem/Data_for_FTP/ISP_FTP_2017/Bams/lane4910_ACTTGA_D_old1_L006_R1_val_1_GRCm38_bowtie2_chr_Sorted.bam
Convert bam to bedgraph
Convert /bi/group/sysgen/Hashem/Data_for_FTP/ISP_FTP_2017/Bams/lane4910_ACTTGA_D_old1_L006_R1_val_1_GRCm38_bowtie2_chr_Sorted.bam to /bi/group/sysgen/Hashem/Data_for_FTP/ISP_FTP_2017/Bams/lane4910_ACTTGA_D_old1_L006_R1_val_1_GRCm38_bowtie2_chr_Sorted.bedgraph
read counts: 35842367
read length: 51
scale ratio: 0.54705770
Convert bedgraph to bw
Convert /bi/group/sysgen/Hashem/Data_for_FTP/ISP_FTP_2017/Bams/lane4910_ACTTGA_D_old1_L006_R1_val_1_GRCm38_bowtie2_chr_Sorted.bedgraph to /bi/group/sysgen/Hashem/Data_for_FTP/ISP_FTP_2017/Bams/lane4910_ACTTGA_D_old1_L006_R1_val_1_GRCm38_bowtie2_chr_Sorted.bw
bedGraphToBigWig /bi/group/sysgen/Hashem/Data_for_FTP/ISP_FTP_2017/Bams/lane4910_ACTTGA_D_old1_L006_R1_val_1_GRCm38_bowtie2_chr_Sorted.bedgraph chrom_sizes.tmp /bi/group/sysgen/Hashem/Data_for_FTP/ISP_FTP_2017/Bams/lane4910_ACTTGA_D_old1_L006_R1_val_1_GRCm38_bowtie2_chr_Sorted.bw
Deal with /bi/group/sysgen/Hashem/Data_for_FTP/ISP_FTP_2017/Bams/lane4910_TAGCTT_D_young1_L006_R1_val_1_GRCm38_bowtie2_chr_Sorted.bam at Fri Mar 24 13:07:56 GMT 2017
Index /bi/group/sysgen/Hashem/Data_for_FTP/ISP_FTP_2017/Bams/lane4910_TAGCTT_D_young1_L006_R1_val_1_GRCm38_bowtie2_chr_Sorted.bam
Convert bam to bedgraph
Convert /bi/group/sysgen/Hashem/Data_for_FTP/ISP_FTP_2017/Bams/lane4910_TAGCTT_D_young1_L006_R1_val_1_GRCm38_bowtie2_chr_Sorted.bam to /bi/group/sysgen/Hashem/Data_for_FTP/ISP_FTP_2017/Bams/lane4910_TAGCTT_D_young1_L006_R1_val_1_GRCm38_bowtie2_chr_Sorted.bedgraph
read counts: 46876543
read length: 51
scale ratio: 0.41828688
Convert bedgraph to bw
Convert /bi/group/sysgen/Hashem/Data_for_FTP/ISP_FTP_2017/Bams/lane4910_TAGCTT_D_young1_L006_R1_val_1_GRCm38_bowtie2_chr_Sorted.bedgraph to /bi/group/sysgen/Hashem/Data_for_FTP/ISP_FTP_2017/Bams/lane4910_TAGCTT_D_young1_L006_R1_val_1_GRCm38_bowtie2_chr_Sorted.bw
bedGraphToBigWig /bi/group/sysgen/Hashem/Data_for_FTP/ISP_FTP_2017/Bams/lane4910_TAGCTT_D_young1_L006_R1_val_1_GRCm38_bowtie2_chr_Sorted.bedgraph chrom_sizes.tmp /bi/group/sysgen/Hashem/Data_for_FTP/ISP_FTP_2017/Bams/lane4910_TAGCTT_D_young1_L006_R1_val_1_GRCm38_bowtie2_chr_Sorted.bw
Deal with /bi/group/sysgen/Hashem/Data_for_FTP/ISP_FTP_2017/Bams/lane4980_AGGCAGAA_YD5_L006_R1_val_1_GRCm38_bowtie2_MT_removed_chr_Sorted.bam at Fri Mar 24 13:18:18 GMT 2017
Index /bi/group/sysgen/Hashem/Data_for_FTP/ISP_FTP_2017/Bams/lane4980_AGGCAGAA_YD5_L006_R1_val_1_GRCm38_bowtie2_MT_removed_chr_Sorted.bam
Convert bam to bedgraph
Convert /bi/group/sysgen/Hashem/Data_for_FTP/ISP_FTP_2017/Bams/lane4980_AGGCAGAA_YD5_L006_R1_val_1_GRCm38_bowtie2_MT_removed_chr_Sorted.bam to /bi/group/sysgen/Hashem/Data_for_FTP/ISP_FTP_2017/Bams/lane4980_AGGCAGAA_YD5_L006_R1_val_1_GRCm38_bowtie2_MT_removed_chr_Sorted.bedgraph
read counts: 134428352
read length: 46
scale ratio: 0.16171536
Convert bedgraph to bw
Convert /bi/group/sysgen/Hashem/Data_for_FTP/ISP_FTP_2017/Bams/lane4980_AGGCAGAA_YD5_L006_R1_val_1_GRCm38_bowtie2_MT_removed_chr_Sorted.bedgraph to /bi/group/sysgen/Hashem/Data_for_FTP/ISP_FTP_2017/Bams/lane4980_AGGCAGAA_YD5_L006_R1_val_1_GRCm38_bowtie2_MT_removed_chr_Sorted.bw
bedGraphToBigWig /bi/group/sysgen/Hashem/Data_for_FTP/ISP_FTP_2017/Bams/lane4980_AGGCAGAA_YD5_L006_R1_val_1_GRCm38_bowtie2_MT_removed_chr_Sorted.bedgraph chrom_sizes.tmp /bi/group/sysgen/Hashem/Data_for_FTP/ISP_FTP_2017/Bams/lane4980_AGGCAGAA_YD5_L006_R1_val_1_GRCm38_bowtie2_MT_removed_chr_Sorted.bw
Deal with /bi/group/sysgen/Hashem/Data_for_FTP/ISP_FTP_2017/Bams/lane4980_CAGAGAGG_AD5_L006_R1_val_1_GRCm38_bowtie2_MT_removed_chr_Sorted.bam at Fri Mar 24 13:54:31 GMT 2017
Index /bi/group/sysgen/Hashem/Data_for_FTP/ISP_FTP_2017/Bams/lane4980_CAGAGAGG_AD5_L006_R1_val_1_GRCm38_bowtie2_MT_removed_chr_Sorted.bam
Convert bam to bedgraph
Convert /bi/group/sysgen/Hashem/Data_for_FTP/ISP_FTP_2017/Bams/lane4980_CAGAGAGG_AD5_L006_R1_val_1_GRCm38_bowtie2_MT_removed_chr_Sorted.bam to /bi/group/sysgen/Hashem/Data_for_FTP/ISP_FTP_2017/Bams/lane4980_CAGAGAGG_AD5_L006_R1_val_1_GRCm38_bowtie2_MT_removed_chr_Sorted.bedgraph
read counts: 106712457
read length: 38
scale ratio: 0.24660466
Convert bedgraph to bw
Convert /bi/group/sysgen/Hashem/Data_for_FTP/ISP_FTP_2017/Bams/lane4980_CAGAGAGG_AD5_L006_R1_val_1_GRCm38_bowtie2_MT_removed_chr_Sorted.bedgraph to /bi/group/sysgen/Hashem/Data_for_FTP/ISP_FTP_2017/Bams/lane4980_CAGAGAGG_AD5_L006_R1_val_1_GRCm38_bowtie2_MT_removed_chr_Sorted.bw
bedGraphToBigWig /bi/group/sysgen/Hashem/Data_for_FTP/ISP_FTP_2017/Bams/lane4980_CAGAGAGG_AD5_L006_R1_val_1_GRCm38_bowtie2_MT_removed_chr_Sorted.bedgraph chrom_sizes.tmp /bi/group/sysgen/Hashem/Data_for_FTP/ISP_FTP_2017/Bams/lane4980_CAGAGAGG_AD5_L006_R1_val_1_GRCm38_bowtie2_MT_removed_chr_Sorted.bw
Deal with /bi/group/sysgen/Hashem/Data_for_FTP/ISP_FTP_2017/Bams/lane5363_GCCAAT_K27me3_young2_L004_R1_val_1_GRCm38_bowtie2_chr_Sorted.bam at Fri Mar 24 14:17:59 GMT 2017
Index /bi/group/sysgen/Hashem/Data_for_FTP/ISP_FTP_2017/Bams/lane5363_GCCAAT_K27me3_young2_L004_R1_val_1_GRCm38_bowtie2_chr_Sorted.bam
Convert bam to bedgraph
Convert /bi/group/sysgen/Hashem/Data_for_FTP/ISP_FTP_2017/Bams/lane5363_GCCAAT_K27me3_young2_L004_R1_val_1_GRCm38_bowtie2_chr_Sorted.bam to /bi/group/sysgen/Hashem/Data_for_FTP/ISP_FTP_2017/Bams/lane5363_GCCAAT_K27me3_young2_L004_R1_val_1_GRCm38_bowtie2_chr_Sorted.bedgraph
read counts: 80659946
read length: 50
scale ratio: 0.24795454
Convert bedgraph to bw
Convert /bi/group/sysgen/Hashem/Data_for_FTP/ISP_FTP_2017/Bams/lane5363_GCCAAT_K27me3_young2_L004_R1_val_1_GRCm38_bowtie2_chr_Sorted.bedgraph to /bi/group/sysgen/Hashem/Data_for_FTP/ISP_FTP_2017/Bams/lane5363_GCCAAT_K27me3_young2_L004_R1_val_1_GRCm38_bowtie2_chr_Sorted.bw
bedGraphToBigWig /bi/group/sysgen/Hashem/Data_for_FTP/ISP_FTP_2017/Bams/lane5363_GCCAAT_K27me3_young2_L004_R1_val_1_GRCm38_bowtie2_chr_Sorted.bedgraph chrom_sizes.tmp /bi/group/sysgen/Hashem/Data_for_FTP/ISP_FTP_2017/Bams/lane5363_GCCAAT_K27me3_young2_L004_R1_val_1_GRCm38_bowtie2_chr_Sorted.bw
Deal with /bi/group/sysgen/Hashem/Data_for_FTP/ISP_FTP_2017/Bams/lane5363_TAGCTT_K27me3_old2_L004_R1_val_1_GRCm38_bowtie2_chr_Sorted.bam at Fri Mar 24 14:36:05 GMT 2017
Index /bi/group/sysgen/Hashem/Data_for_FTP/ISP_FTP_2017/Bams/lane5363_TAGCTT_K27me3_old2_L004_R1_val_1_GRCm38_bowtie2_chr_Sorted.bam
Convert bam to bedgraph
Convert /bi/group/sysgen/Hashem/Data_for_FTP/ISP_FTP_2017/Bams/lane5363_TAGCTT_K27me3_old2_L004_R1_val_1_GRCm38_bowtie2_chr_Sorted.bam to /bi/group/sysgen/Hashem/Data_for_FTP/ISP_FTP_2017/Bams/lane5363_TAGCTT_K27me3_old2_L004_R1_val_1_GRCm38_bowtie2_chr_Sorted.bedgraph
read counts: 73168111
read length: 51
scale ratio: 0.26798345
Convert bedgraph to bw
Convert /bi/group/sysgen/Hashem/Data_for_FTP/ISP_FTP_2017/Bams/lane5363_TAGCTT_K27me3_old2_L004_R1_val_1_GRCm38_bowtie2_chr_Sorted.bedgraph to /bi/group/sysgen/Hashem/Data_for_FTP/ISP_FTP_2017/Bams/lane5363_TAGCTT_K27me3_old2_L004_R1_val_1_GRCm38_bowtie2_chr_Sorted.bw
bedGraphToBigWig /bi/group/sysgen/Hashem/Data_for_FTP/ISP_FTP_2017/Bams/lane5363_TAGCTT_K27me3_old2_L004_R1_val_1_GRCm38_bowtie2_chr_Sorted.bedgraph chrom_sizes.tmp /bi/group/sysgen/Hashem/Data_for_FTP/ISP_FTP_2017/Bams/lane5363_TAGCTT_K27me3_old2_L004_R1_val_1_GRCm38_bowtie2_chr_Sorted.bw
End bamTobw.sh at Fri Mar 24 14:52:16 GMT 2017
Start bamTobw.sh at Thu May 11 08:26:10 BST 2017
Parameters you input:
bam list file: bamList.txt
convert to HPB: No
stranded: No
Deal with /bi/group/sysgen/Hashem/Claudia_H3K27AC/Bam_Files/lane5467_CGATGT_K27ac_Dyoung2_L007_R1_val_1_GRCm38_bowtie2_sorted_chr.bam at Thu May 11 08:26:10 BST 2017
Index /bi/group/sysgen/Hashem/Claudia_H3K27AC/Bam_Files/lane5467_CGATGT_K27ac_Dyoung2_L007_R1_val_1_GRCm38_bowtie2_sorted_chr.bam
Convert bam to bedgraph
Convert /bi/group/sysgen/Hashem/Claudia_H3K27AC/Bam_Files/lane5467_CGATGT_K27ac_Dyoung2_L007_R1_val_1_GRCm38_bowtie2_sorted_chr.bam to /bi/group/sysgen/Hashem/Claudia_H3K27AC/Bam_Files/lane5467_CGATGT_K27ac_Dyoung2_L007_R1_val_1_GRCm38_bowtie2_sorted_chr.bedgraph
read counts: 111999495
read length: 51
scale ratio: 1
Convert bedgraph to bw
Convert /bi/group/sysgen/Hashem/Claudia_H3K27AC/Bam_Files/lane5467_CGATGT_K27ac_Dyoung2_L007_R1_val_1_GRCm38_bowtie2_sorted_chr.bedgraph to /bi/group/sysgen/Hashem/Claudia_H3K27AC/Bam_Files/lane5467_CGATGT_K27ac_Dyoung2_L007_R1_val_1_GRCm38_bowtie2_sorted_chr.bw
bedGraphToBigWig /bi/group/sysgen/Hashem/Claudia_H3K27AC/Bam_Files/lane5467_CGATGT_K27ac_Dyoung2_L007_R1_val_1_GRCm38_bowtie2_sorted_chr.bedgraph chrom_sizes.tmp /bi/group/sysgen/Hashem/Claudia_H3K27AC/Bam_Files/lane5467_CGATGT_K27ac_Dyoung2_L007_R1_val_1_GRCm38_bowtie2_sorted_chr.bw
Deal with /bi/group/sysgen/Hashem/Claudia_H3K27AC/Bam_Files/lane5467_TAGCTT_K27ac_Dold1_L007_R1_val_1_GRCm38_bowtie2_sorted_chr.bam at Thu May 11 08:45:31 BST 2017
Index /bi/group/sysgen/Hashem/Claudia_H3K27AC/Bam_Files/lane5467_TAGCTT_K27ac_Dold1_L007_R1_val_1_GRCm38_bowtie2_sorted_chr.bam
Convert bam to bedgraph
Convert /bi/group/sysgen/Hashem/Claudia_H3K27AC/Bam_Files/lane5467_TAGCTT_K27ac_Dold1_L007_R1_val_1_GRCm38_bowtie2_sorted_chr.bam to /bi/group/sysgen/Hashem/Claudia_H3K27AC/Bam_Files/lane5467_TAGCTT_K27ac_Dold1_L007_R1_val_1_GRCm38_bowtie2_sorted_chr.bedgraph
read counts: 104022738
read length: 51
scale ratio: 1
Convert bedgraph to bw
Convert /bi/group/sysgen/Hashem/Claudia_H3K27AC/Bam_Files/lane5467_TAGCTT_K27ac_Dold1_L007_R1_val_1_GRCm38_bowtie2_sorted_chr.bedgraph to /bi/group/sysgen/Hashem/Claudia_H3K27AC/Bam_Files/lane5467_TAGCTT_K27ac_Dold1_L007_R1_val_1_GRCm38_bowtie2_sorted_chr.bw
bedGraphToBigWig /bi/group/sysgen/Hashem/Claudia_H3K27AC/Bam_Files/lane5467_TAGCTT_K27ac_Dold1_L007_R1_val_1_GRCm38_bowtie2_sorted_chr.bedgraph chrom_sizes.tmp /bi/group/sysgen/Hashem/Claudia_H3K27AC/Bam_Files/lane5467_TAGCTT_K27ac_Dold1_L007_R1_val_1_GRCm38_bowtie2_sorted_chr.bw
Deal with #/bi/group/sysgen/Hashem/Data_for_FTP/ISP_FTP_2017/Bams/CTCF_FrD_Old_Rep1_chr_Sorted.bam at Thu May 11 09:03:36 BST 2017
Index #/bi/group/sysgen/Hashem/Data_for_FTP/ISP_FTP_2017/Bams/CTCF_FrD_Old_Rep1_chr_Sorted.bam
Convert bam to bedgraph
Convert #/bi/group/sysgen/Hashem/Data_for_FTP/ISP_FTP_2017/Bams/CTCF_FrD_Old_Rep1_chr_Sorted.bam to #/bi/group/sysgen/Hashem/Data_for_FTP/ISP_FTP_2017/Bams/CTCF_FrD_Old_Rep1_chr_Sorted.bedgraph
read counts: 
read length: 
scale ratio: 1
Convert bedgraph to bw
Convert #/bi/group/sysgen/Hashem/Data_for_FTP/ISP_FTP_2017/Bams/CTCF_FrD_Old_Rep1_chr_Sorted.bedgraph to #/bi/group/sysgen/Hashem/Data_for_FTP/ISP_FTP_2017/Bams/CTCF_FrD_Old_Rep1_chr_Sorted.bw
bedGraphToBigWig #/bi/group/sysgen/Hashem/Data_for_FTP/ISP_FTP_2017/Bams/CTCF_FrD_Old_Rep1_chr_Sorted.bedgraph chrom_sizes.tmp #/bi/group/sysgen/Hashem/Data_for_FTP/ISP_FTP_2017/Bams/CTCF_FrD_Old_Rep1_chr_Sorted.bw
Deal with #/bi/group/sysgen/Hashem/Data_for_FTP/ISP_FTP_2017/Bams/CTCF_FrD_Young_Rep1_chr_Sorted.bam at Thu May 11 09:03:36 BST 2017
Index #/bi/group/sysgen/Hashem/Data_for_FTP/ISP_FTP_2017/Bams/CTCF_FrD_Young_Rep1_chr_Sorted.bam
Convert bam to bedgraph
Convert #/bi/group/sysgen/Hashem/Data_for_FTP/ISP_FTP_2017/Bams/CTCF_FrD_Young_Rep1_chr_Sorted.bam to #/bi/group/sysgen/Hashem/Data_for_FTP/ISP_FTP_2017/Bams/CTCF_FrD_Young_Rep1_chr_Sorted.bedgraph
read counts: 
read length: 
scale ratio: 1
Convert bedgraph to bw
Convert #/bi/group/sysgen/Hashem/Data_for_FTP/ISP_FTP_2017/Bams/CTCF_FrD_Young_Rep1_chr_Sorted.bedgraph to #/bi/group/sysgen/Hashem/Data_for_FTP/ISP_FTP_2017/Bams/CTCF_FrD_Young_Rep1_chr_Sorted.bw
bedGraphToBigWig #/bi/group/sysgen/Hashem/Data_for_FTP/ISP_FTP_2017/Bams/CTCF_FrD_Young_Rep1_chr_Sorted.bedgraph chrom_sizes.tmp #/bi/group/sysgen/Hashem/Data_for_FTP/ISP_FTP_2017/Bams/CTCF_FrD_Young_Rep1_chr_Sorted.bw
Deal with #/bi/group/sysgen/Hashem/Data_for_FTP/ISP_FTP_2017/Bams/lane2_Aged_D1_TTAGGC_L002_R1_val_1_GRCm38_hisat2_chr_Sorted.bam at Thu May 11 09:03:36 BST 2017
Index #/bi/group/sysgen/Hashem/Data_for_FTP/ISP_FTP_2017/Bams/lane2_Aged_D1_TTAGGC_L002_R1_val_1_GRCm38_hisat2_chr_Sorted.bam
Convert bam to bedgraph
Convert #/bi/group/sysgen/Hashem/Data_for_FTP/ISP_FTP_2017/Bams/lane2_Aged_D1_TTAGGC_L002_R1_val_1_GRCm38_hisat2_chr_Sorted.bam to #/bi/group/sysgen/Hashem/Data_for_FTP/ISP_FTP_2017/Bams/lane2_Aged_D1_TTAGGC_L002_R1_val_1_GRCm38_hisat2_chr_Sorted.bedgraph
read counts: 
read length: 
scale ratio: 1
Convert bedgraph to bw
Convert #/bi/group/sysgen/Hashem/Data_for_FTP/ISP_FTP_2017/Bams/lane2_Aged_D1_TTAGGC_L002_R1_val_1_GRCm38_hisat2_chr_Sorted.bedgraph to #/bi/group/sysgen/Hashem/Data_for_FTP/ISP_FTP_2017/Bams/lane2_Aged_D1_TTAGGC_L002_R1_val_1_GRCm38_hisat2_chr_Sorted.bw
bedGraphToBigWig #/bi/group/sysgen/Hashem/Data_for_FTP/ISP_FTP_2017/Bams/lane2_Aged_D1_TTAGGC_L002_R1_val_1_GRCm38_hisat2_chr_Sorted.bedgraph chrom_sizes.tmp #/bi/group/sysgen/Hashem/Data_for_FTP/ISP_FTP_2017/Bams/lane2_Aged_D1_TTAGGC_L002_R1_val_1_GRCm38_hisat2_chr_Sorted.bw
Deal with #/bi/group/sysgen/Hashem/Data_for_FTP/ISP_FTP_2017/Bams/lane2_Young_D1_GCCAAT_L002_R1_val_1_GRCm38_hisat2_chr_Sorted.bam at Thu May 11 09:03:36 BST 2017
Index #/bi/group/sysgen/Hashem/Data_for_FTP/ISP_FTP_2017/Bams/lane2_Young_D1_GCCAAT_L002_R1_val_1_GRCm38_hisat2_chr_Sorted.bam
Convert bam to bedgraph
Convert #/bi/group/sysgen/Hashem/Data_for_FTP/ISP_FTP_2017/Bams/lane2_Young_D1_GCCAAT_L002_R1_val_1_GRCm38_hisat2_chr_Sorted.bam to #/bi/group/sysgen/Hashem/Data_for_FTP/ISP_FTP_2017/Bams/lane2_Young_D1_GCCAAT_L002_R1_val_1_GRCm38_hisat2_chr_Sorted.bedgraph
read counts: 
read length: 
scale ratio: 1
Convert bedgraph to bw
Convert #/bi/group/sysgen/Hashem/Data_for_FTP/ISP_FTP_2017/Bams/lane2_Young_D1_GCCAAT_L002_R1_val_1_GRCm38_hisat2_chr_Sorted.bedgraph to #/bi/group/sysgen/Hashem/Data_for_FTP/ISP_FTP_2017/Bams/lane2_Young_D1_GCCAAT_L002_R1_val_1_GRCm38_hisat2_chr_Sorted.bw
bedGraphToBigWig #/bi/group/sysgen/Hashem/Data_for_FTP/ISP_FTP_2017/Bams/lane2_Young_D1_GCCAAT_L002_R1_val_1_GRCm38_hisat2_chr_Sorted.bedgraph chrom_sizes.tmp #/bi/group/sysgen/Hashem/Data_for_FTP/ISP_FTP_2017/Bams/lane2_Young_D1_GCCAAT_L002_R1_val_1_GRCm38_hisat2_chr_Sorted.bw
Deal with #/bi/group/sysgen/Hashem/Data_for_FTP/ISP_FTP_2017/Bams/lane4910_ACTTGA_D_old1_L006_R1_val_1_GRCm38_bowtie2_chr_Sorted.bam at Thu May 11 09:03:36 BST 2017
Index #/bi/group/sysgen/Hashem/Data_for_FTP/ISP_FTP_2017/Bams/lane4910_ACTTGA_D_old1_L006_R1_val_1_GRCm38_bowtie2_chr_Sorted.bam
Convert bam to bedgraph
Convert #/bi/group/sysgen/Hashem/Data_for_FTP/ISP_FTP_2017/Bams/lane4910_ACTTGA_D_old1_L006_R1_val_1_GRCm38_bowtie2_chr_Sorted.bam to #/bi/group/sysgen/Hashem/Data_for_FTP/ISP_FTP_2017/Bams/lane4910_ACTTGA_D_old1_L006_R1_val_1_GRCm38_bowtie2_chr_Sorted.bedgraph
read counts: 
read length: 
scale ratio: 1
Convert bedgraph to bw
Convert #/bi/group/sysgen/Hashem/Data_for_FTP/ISP_FTP_2017/Bams/lane4910_ACTTGA_D_old1_L006_R1_val_1_GRCm38_bowtie2_chr_Sorted.bedgraph to #/bi/group/sysgen/Hashem/Data_for_FTP/ISP_FTP_2017/Bams/lane4910_ACTTGA_D_old1_L006_R1_val_1_GRCm38_bowtie2_chr_Sorted.bw
bedGraphToBigWig #/bi/group/sysgen/Hashem/Data_for_FTP/ISP_FTP_2017/Bams/lane4910_ACTTGA_D_old1_L006_R1_val_1_GRCm38_bowtie2_chr_Sorted.bedgraph chrom_sizes.tmp #/bi/group/sysgen/Hashem/Data_for_FTP/ISP_FTP_2017/Bams/lane4910_ACTTGA_D_old1_L006_R1_val_1_GRCm38_bowtie2_chr_Sorted.bw
Deal with #/bi/group/sysgen/Hashem/Data_for_FTP/ISP_FTP_2017/Bams/lane4910_TAGCTT_D_young1_L006_R1_val_1_GRCm38_bowtie2_chr_Sorted.bam at Thu May 11 09:03:36 BST 2017
Index #/bi/group/sysgen/Hashem/Data_for_FTP/ISP_FTP_2017/Bams/lane4910_TAGCTT_D_young1_L006_R1_val_1_GRCm38_bowtie2_chr_Sorted.bam
Convert bam to bedgraph
Convert #/bi/group/sysgen/Hashem/Data_for_FTP/ISP_FTP_2017/Bams/lane4910_TAGCTT_D_young1_L006_R1_val_1_GRCm38_bowtie2_chr_Sorted.bam to #/bi/group/sysgen/Hashem/Data_for_FTP/ISP_FTP_2017/Bams/lane4910_TAGCTT_D_young1_L006_R1_val_1_GRCm38_bowtie2_chr_Sorted.bedgraph
read counts: 
read length: 
scale ratio: 1
Convert bedgraph to bw
Convert #/bi/group/sysgen/Hashem/Data_for_FTP/ISP_FTP_2017/Bams/lane4910_TAGCTT_D_young1_L006_R1_val_1_GRCm38_bowtie2_chr_Sorted.bedgraph to #/bi/group/sysgen/Hashem/Data_for_FTP/ISP_FTP_2017/Bams/lane4910_TAGCTT_D_young1_L006_R1_val_1_GRCm38_bowtie2_chr_Sorted.bw
bedGraphToBigWig #/bi/group/sysgen/Hashem/Data_for_FTP/ISP_FTP_2017/Bams/lane4910_TAGCTT_D_young1_L006_R1_val_1_GRCm38_bowtie2_chr_Sorted.bedgraph chrom_sizes.tmp #/bi/group/sysgen/Hashem/Data_for_FTP/ISP_FTP_2017/Bams/lane4910_TAGCTT_D_young1_L006_R1_val_1_GRCm38_bowtie2_chr_Sorted.bw
Deal with #/bi/group/sysgen/Hashem/Data_for_FTP/ISP_FTP_2017/Bams/lane4980_AGGCAGAA_YD5_L006_R1_val_1_GRCm38_bowtie2_MT_removed_chr_Sorted.bam at Thu May 11 09:03:37 BST 2017
Index #/bi/group/sysgen/Hashem/Data_for_FTP/ISP_FTP_2017/Bams/lane4980_AGGCAGAA_YD5_L006_R1_val_1_GRCm38_bowtie2_MT_removed_chr_Sorted.bam
Convert bam to bedgraph
Convert #/bi/group/sysgen/Hashem/Data_for_FTP/ISP_FTP_2017/Bams/lane4980_AGGCAGAA_YD5_L006_R1_val_1_GRCm38_bowtie2_MT_removed_chr_Sorted.bam to #/bi/group/sysgen/Hashem/Data_for_FTP/ISP_FTP_2017/Bams/lane4980_AGGCAGAA_YD5_L006_R1_val_1_GRCm38_bowtie2_MT_removed_chr_Sorted.bedgraph
read counts: 
read length: 
scale ratio: 1
Convert bedgraph to bw
Convert #/bi/group/sysgen/Hashem/Data_for_FTP/ISP_FTP_2017/Bams/lane4980_AGGCAGAA_YD5_L006_R1_val_1_GRCm38_bowtie2_MT_removed_chr_Sorted.bedgraph to #/bi/group/sysgen/Hashem/Data_for_FTP/ISP_FTP_2017/Bams/lane4980_AGGCAGAA_YD5_L006_R1_val_1_GRCm38_bowtie2_MT_removed_chr_Sorted.bw
bedGraphToBigWig #/bi/group/sysgen/Hashem/Data_for_FTP/ISP_FTP_2017/Bams/lane4980_AGGCAGAA_YD5_L006_R1_val_1_GRCm38_bowtie2_MT_removed_chr_Sorted.bedgraph chrom_sizes.tmp #/bi/group/sysgen/Hashem/Data_for_FTP/ISP_FTP_2017/Bams/lane4980_AGGCAGAA_YD5_L006_R1_val_1_GRCm38_bowtie2_MT_removed_chr_Sorted.bw
Deal with #/bi/group/sysgen/Hashem/Data_for_FTP/ISP_FTP_2017/Bams/lane4980_CAGAGAGG_AD5_L006_R1_val_1_GRCm38_bowtie2_MT_removed_chr_Sorted.bam at Thu May 11 09:03:37 BST 2017
Index #/bi/group/sysgen/Hashem/Data_for_FTP/ISP_FTP_2017/Bams/lane4980_CAGAGAGG_AD5_L006_R1_val_1_GRCm38_bowtie2_MT_removed_chr_Sorted.bam
Convert bam to bedgraph
Convert #/bi/group/sysgen/Hashem/Data_for_FTP/ISP_FTP_2017/Bams/lane4980_CAGAGAGG_AD5_L006_R1_val_1_GRCm38_bowtie2_MT_removed_chr_Sorted.bam to #/bi/group/sysgen/Hashem/Data_for_FTP/ISP_FTP_2017/Bams/lane4980_CAGAGAGG_AD5_L006_R1_val_1_GRCm38_bowtie2_MT_removed_chr_Sorted.bedgraph
read counts: 
read length: 
scale ratio: 1
Convert bedgraph to bw
Convert #/bi/group/sysgen/Hashem/Data_for_FTP/ISP_FTP_2017/Bams/lane4980_CAGAGAGG_AD5_L006_R1_val_1_GRCm38_bowtie2_MT_removed_chr_Sorted.bedgraph to #/bi/group/sysgen/Hashem/Data_for_FTP/ISP_FTP_2017/Bams/lane4980_CAGAGAGG_AD5_L006_R1_val_1_GRCm38_bowtie2_MT_removed_chr_Sorted.bw
bedGraphToBigWig #/bi/group/sysgen/Hashem/Data_for_FTP/ISP_FTP_2017/Bams/lane4980_CAGAGAGG_AD5_L006_R1_val_1_GRCm38_bowtie2_MT_removed_chr_Sorted.bedgraph chrom_sizes.tmp #/bi/group/sysgen/Hashem/Data_for_FTP/ISP_FTP_2017/Bams/lane4980_CAGAGAGG_AD5_L006_R1_val_1_GRCm38_bowtie2_MT_removed_chr_Sorted.bw
Deal with #/bi/group/sysgen/Hashem/Data_for_FTP/ISP_FTP_2017/Bams/lane5363_GCCAAT_K27me3_young2_L004_R1_val_1_GRCm38_bowtie2_chr_Sorted.bam at Thu May 11 09:03:37 BST 2017
Index #/bi/group/sysgen/Hashem/Data_for_FTP/ISP_FTP_2017/Bams/lane5363_GCCAAT_K27me3_young2_L004_R1_val_1_GRCm38_bowtie2_chr_Sorted.bam
Convert bam to bedgraph
Convert #/bi/group/sysgen/Hashem/Data_for_FTP/ISP_FTP_2017/Bams/lane5363_GCCAAT_K27me3_young2_L004_R1_val_1_GRCm38_bowtie2_chr_Sorted.bam to #/bi/group/sysgen/Hashem/Data_for_FTP/ISP_FTP_2017/Bams/lane5363_GCCAAT_K27me3_young2_L004_R1_val_1_GRCm38_bowtie2_chr_Sorted.bedgraph
read counts: 
read length: 
scale ratio: 1
Convert bedgraph to bw
Convert #/bi/group/sysgen/Hashem/Data_for_FTP/ISP_FTP_2017/Bams/lane5363_GCCAAT_K27me3_young2_L004_R1_val_1_GRCm38_bowtie2_chr_Sorted.bedgraph to #/bi/group/sysgen/Hashem/Data_for_FTP/ISP_FTP_2017/Bams/lane5363_GCCAAT_K27me3_young2_L004_R1_val_1_GRCm38_bowtie2_chr_Sorted.bw
bedGraphToBigWig #/bi/group/sysgen/Hashem/Data_for_FTP/ISP_FTP_2017/Bams/lane5363_GCCAAT_K27me3_young2_L004_R1_val_1_GRCm38_bowtie2_chr_Sorted.bedgraph chrom_sizes.tmp #/bi/group/sysgen/Hashem/Data_for_FTP/ISP_FTP_2017/Bams/lane5363_GCCAAT_K27me3_young2_L004_R1_val_1_GRCm38_bowtie2_chr_Sorted.bw
Deal with #/bi/group/sysgen/Hashem/Data_for_FTP/ISP_FTP_2017/Bams/lane5363_TAGCTT_K27me3_old2_L004_R1_val_1_GRCm38_bowtie2_chr_Sorted.bam at Thu May 11 09:03:37 BST 2017
Index #/bi/group/sysgen/Hashem/Data_for_FTP/ISP_FTP_2017/Bams/lane5363_TAGCTT_K27me3_old2_L004_R1_val_1_GRCm38_bowtie2_chr_Sorted.bam
Convert bam to bedgraph
Convert #/bi/group/sysgen/Hashem/Data_for_FTP/ISP_FTP_2017/Bams/lane5363_TAGCTT_K27me3_old2_L004_R1_val_1_GRCm38_bowtie2_chr_Sorted.bam to #/bi/group/sysgen/Hashem/Data_for_FTP/ISP_FTP_2017/Bams/lane5363_TAGCTT_K27me3_old2_L004_R1_val_1_GRCm38_bowtie2_chr_Sorted.bedgraph
read counts: 
read length: 
scale ratio: 1
Convert bedgraph to bw
Convert #/bi/group/sysgen/Hashem/Data_for_FTP/ISP_FTP_2017/Bams/lane5363_TAGCTT_K27me3_old2_L004_R1_val_1_GRCm38_bowtie2_chr_Sorted.bedgraph to #/bi/group/sysgen/Hashem/Data_for_FTP/ISP_FTP_2017/Bams/lane5363_TAGCTT_K27me3_old2_L004_R1_val_1_GRCm38_bowtie2_chr_Sorted.bw
bedGraphToBigWig #/bi/group/sysgen/Hashem/Data_for_FTP/ISP_FTP_2017/Bams/lane5363_TAGCTT_K27me3_old2_L004_R1_val_1_GRCm38_bowtie2_chr_Sorted.bedgraph chrom_sizes.tmp #/bi/group/sysgen/Hashem/Data_for_FTP/ISP_FTP_2017/Bams/lane5363_TAGCTT_K27me3_old2_L004_R1_val_1_GRCm38_bowtie2_chr_Sorted.bw
End bamTobw.sh at Thu May 11 09:03:37 BST 2017
